  main.cpp
main.cpp(49): warning C4305: аргумент: усечение из "double" к "GLfloat"
main.cpp(53): warning C4244: аргумент: преобразование "int" в "GLfloat", возможна потеря данных
main.cpp(72): warning C4244: аргумент: преобразование "int" в "GLfloat", возможна потеря данных
main.cpp(76): warning C4244: аргумент: преобразование "int" в "GLfloat", возможна потеря данных
main.cpp(78): warning C4244: аргумент: преобразование "int" в "GLfloat", возможна потеря данных
main.cpp(82): warning C4244: аргумент: преобразование "int" в "GLfloat", возможна потеря данных
main.cpp(84): warning C4244: аргумент: преобразование "int" в "GLfloat", возможна потеря данных
main.cpp(90): warning C4244: аргумент: преобразование "int" в "GLfloat", возможна потеря данных
main.cpp(92): warning C4244: аргумент: преобразование "int" в "GLfloat", возможна потеря данных
main.cpp(98): warning C4244: аргумент: преобразование "int" в "GLfloat", возможна потеря данных
main.cpp(100): warning C4305: аргумент: усечение из "double" к "GLfloat"
main.cpp(108): warning C4244: аргумент: преобразование "int" в "GLfloat", возможна потеря данных
main.cpp(110): warning C4244: аргумент: преобразование "int" в "GLfloat", возможна потеря данных
main.cpp(112): warning C4244: аргумент: преобразование "int" в "GLfloat", возможна потеря данных
main.cpp(121): warning C4305: аргумент: усечение из "double" к "GLfloat"
main.cpp(129): warning C4244: аргумент: преобразование "int" в "GLfloat", возможна потеря данных
main.cpp(131): warning C4244: аргумент: преобразование "int" в "GLfloat", возможна потеря данных
main.cpp(133): warning C4244: аргумент: преобразование "int" в "GLfloat", возможна потеря данных
main.cpp(141): warning C4244: аргумент: преобразование "double" в "GLclampf", возможна потеря данных
main.cpp(155): warning C4244: аргумент: преобразование "int" в "GLfloat", возможна потеря данных
main.cpp(157): warning C4244: аргумент: преобразование "double" в "GLfloat", возможна потеря данных
main.cpp(176): warning C4838: преобразование из "double" в "GLfloat" требует сужающего преобразования
main.cpp(176): warning C4305: инициализация: усечение из "double" к "GLfloat"
main.cpp(209): warning C4244: аргумент: преобразование "double" в "GLfloat", возможна потеря данных
main.cpp(209): warning C4244: аргумент: преобразование "int" в "GLfloat", возможна потеря данных
main.cpp(211): warning C4244: аргумент: преобразование "double" в "GLfloat", возможна потеря данных
main.cpp(221): warning C4244: аргумент: преобразование "double" в "GLfloat", возможна потеря данных
main.cpp(223): warning C4244: аргумент: преобразование "double" в "GLfloat", возможна потеря данных
main.cpp(233): warning C4244: аргумент: преобразование "double" в "GLfloat", возможна потеря данных
main.cpp(235): warning C4244: аргумент: преобразование "double" в "GLfloat", возможна потеря данных
main.cpp(244): warning C4244: аргумент: преобразование "double" в "GLfloat", возможна потеря данных
main.cpp(244): warning C4244: аргумент: преобразование "int" в "GLfloat", возможна потеря данных
main.cpp(246): warning C4244: аргумент: преобразование "double" в "GLfloat", возможна потеря данных
main.cpp(288): warning C4305: =: усечение из "double" к "float"
main.cpp(289): warning C4244: =: преобразование "double" в "int", возможна потеря данных
main.cpp(320): warning C4305: +=: усечение из "double" к "float"
main.cpp(321): warning C4305: -=: усечение из "double" к "float"
main.cpp(452): warning C4244: аргумент: преобразование "int" в "GLfloat", возможна потеря данных
main.cpp(476): warning C4305: аргумент: усечение из "double" к "float"
main.cpp(477): warning C4305: аргумент: усечение из "double" к "float"
main.cpp(481): warning C4305: аргумент: усечение из "double" к "float"
main.cpp(483): warning C4305: аргумент: усечение из "double" к "float"
main.cpp(484): warning C4305: аргумент: усечение из "double" к "float"
  Создание кода
  1 of 39 functions ( 2.6%) were compiled, the rest were copied from previous compilation.
    0 functions were new in current compilation
    1 functions had inline decision re-evaluated but remain unchanged
  Создание кода завершено
  tower_of_Hanoi.vcxproj -> C:\temp\study_project\tower_of_Hanoi\Release\tower_of_Hanoi.exe
